# JRE version: Java(TM) SE Runtime Environment (8.0_201-b09) (build 1.8.0_201-b09)
# Java VM: Java HotSpot(TM) 64-Bit Server VM (25.201-b09 mixed mode windows-amd64 compressed oops)
Heap:
 PSYoungGen      total 1281536K, used 1021052K [0x000000076c300000, 0x00000007c0000000, 0x00000007c0000000)
  eden space 1192448K, 83% used [0x000000076c300000,0x00000007a8a31530,0x00000007b4f80000)
  from space 89088K, 34% used [0x00000007b4f80000,0x00000007b6d6dc68,0x00000007ba680000)
  to   space 88064K, 0% used [0x00000007baa00000,0x00000007baa00000,0x00000007c0000000)
 ParOldGen       total 2747392K, used 214808K [0x00000006c4800000, 0x000000076c300000, 0x000000076c300000)
  object space 2747392K, 7% used [0x00000006c4800000,0x00000006d19c6380,0x000000076c300000)
 Metaspace       used 77064K, capacity 80151K, committed 80280K, reserved 1120256K
  class space    used 9251K, capacity 10049K, committed 10136K, reserved 1048576K
GC Heap History (10 events):
Event: 5459.149 GC heap before
{Heap before GC invocations=32 (full 3):
 PSYoungGen      total 1273856K, used 1214222K [0x000000076c300000, 0x00000007c0000000, 0x00000007c0000000)
  eden space 1171968K, 100% used [0x000000076c300000,0x00000007b3b80000,0x00000007b3b80000)
  from space 101888K, 41% used [0x00000007b9c80000,0x00000007bc5c3850,0x00000007c0000000)
  to   space 99328K, 0% used [0x00000007b3b80000,0x00000007b3b80000,0x00000007b9c80000)
 ParOldGen       total 2747392K, used 201733K [0x00000006c4800000, 0x000000076c300000, 0x000000076c300000)
  object space 2747392K, 7% used [0x00000006c4800000,0x00000006d0d01630,0x000000076c300000)
 Metaspace       used 76694K, capacity 79789K, committed 79896K, reserved 1120256K
  class space    used 9212K, capacity 9994K, committed 10008K, reserved 1048576K
Event: 5459.258 GC heap after
Heap after GC invocations=32 (full 3):
 PSYoungGen      total 1271296K, used 42752K [0x000000076c300000, 0x00000007c0000000, 0x00000007c0000000)
  eden space 1171968K, 0% used [0x000000076c300000,0x000000076c300000,0x00000007b3b80000)
  from space 99328K, 43% used [0x00000007b3b80000,0x00000007b65400c0,0x00000007b9c80000)
  to   space 96768K, 0% used [0x00000007ba180000,0x00000007ba180000,0x00000007c0000000)
 ParOldGen       total 2747392K, used 201981K [0x00000006c4800000, 0x000000076c300000, 0x000000076c300000)
  object space 2747392K, 7% used [0x00000006c4800000,0x00000006d0d3f630,0x000000076c300000)
 Metaspace       used 76694K, capacity 79789K, committed 79896K, reserved 1120256K
  class space    used 9212K, capacity 9994K, committed 10008K, reserved 1048576K
}
Event: 5826.000 GC heap before
{Heap before GC invocations=33 (full 3):
 PSYoungGen      total 1271296K, used 1214720K [0x000000076c300000, 0x00000007c0000000, 0x00000007c0000000)
  eden space 1171968K, 100% used [0x000000076c300000,0x00000007b3b80000,0x00000007b3b80000)
  from space 99328K, 43% used [0x00000007b3b80000,0x00000007b65400c0,0x00000007b9c80000)
  to   space 96768K, 0% used [0x00000007ba180000,0x00000007ba180000,0x00000007c0000000)
 ParOldGen       total 2747392K, used 201981K [0x00000006c4800000, 0x000000076c300000, 0x000000076c300000)
  object space 2747392K, 7% used [0x00000006c4800000,0x00000006d0d3f630,0x000000076c300000)
 Metaspace       used 76702K, capacity 79789K, committed 79896K, reserved 1120256K
  class space    used 9213K, capacity 9994K, committed 10008K, reserved 1048576K
Event: 5826.126 GC heap after
Heap after GC invocations=33 (full 3):
 PSYoungGen      total 1278976K, used 42238K [0x000000076c300000, 0x00000007c0000000, 0x00000007c0000000)
  eden space 1182208K, 0% used [0x000000076c300000,0x000000076c300000,0x00000007b4580000)
  from space 96768K, 43% used [0x00000007ba180000,0x00000007bcabfab0,0x00000007c0000000)
  to   space 94208K, 0% used [0x00000007b4580000,0x00000007b4580000,0x00000007ba180000)
 ParOldGen       total 2747392K, used 202681K [0x00000006c4800000, 0x000000076c300000, 0x000000076c300000)
  object space 2747392K, 7% used [0x00000006c4800000,0x00000006d0dee660,0x000000076c300000)
 Metaspace       used 76702K, capacity 79789K, committed 79896K, reserved 1120256K
  class space    used 9213K, capacity 9994K, committed 10008K, reserved 1048576K
}
Event: 6201.899 GC heap before
{Heap before GC invocations=34 (full 3):
 PSYoungGen      total 1278976K, used 1224446K [0x000000076c300000, 0x00000007c0000000, 0x00000007c0000000)
  eden space 1182208K, 100% used [0x000000076c300000,0x00000007b4580000,0x00000007b4580000)
  from space 96768K, 43% used [0x00000007ba180000,0x00000007bcabfab0,0x00000007c0000000)
  to   space 94208K, 0% used [0x00000007b4580000,0x00000007b4580000,0x00000007ba180000)
 ParOldGen       total 2747392K, used 202681K [0x00000006c4800000, 0x000000076c300000, 0x000000076c300000)
  object space 2747392K, 7% used [0x00000006c4800000,0x00000006d0dee660,0x000000076c300000)
 Metaspace       used 76732K, capacity 79859K, committed 79896K, reserved 1120256K
  class space    used 9214K, capacity 9995K, committed 10008K, reserved 1048576K
Event: 6202.019 GC heap after
Heap after GC invocations=34 (full 3):
 PSYoungGen      total 1276416K, used 42064K [0x000000076c300000, 0x00000007c0000000, 0x00000007c0000000)
  eden space 1182208K, 0% used [0x000000076c300000,0x000000076c300000,0x00000007b4580000)
  from space 94208K, 44% used [0x00000007b4580000,0x00000007b6e94180,0x00000007ba180000)
  to   space 91648K, 0% used [0x00000007ba680000,0x00000007ba680000,0x00000007c0000000)
 ParOldGen       total 2747392K, used 202929K [0x00000006c4800000, 0x000000076c300000, 0x000000076c300000)
  object space 2747392K, 7% used [0x00000006c4800000,0x00000006d0e2c660,0x000000076c300000)
 Metaspace       used 76732K, capacity 79859K, committed 79896K, reserved 1120256K
  class space    used 9214K, capacity 9995K, committed 10008K, reserved 1048576K
}
Event: 6587.513 GC heap before
{Heap before GC invocations=35 (full 3):
 PSYoungGen      total 1276416K, used 1224272K [0x000000076c300000, 0x00000007c0000000, 0x00000007c0000000)
  eden space 1182208K, 100% used [0x000000076c300000,0x00000007b4580000,0x00000007b4580000)
  from space 94208K, 44% used [0x00000007b4580000,0x00000007b6e94180,0x00000007ba180000)
  to   space 91648K, 0% used [0x00000007ba680000,0x00000007ba680000,0x00000007c0000000)
 ParOldGen       total 2747392K, used 202929K [0x00000006c4800000, 0x000000076c300000, 0x000000076c300000)
  object space 2747392K, 7% used [0x00000006c4800000,0x00000006d0e2c660,0x000000076c300000)
 Metaspace       used 76773K, capacity 79871K, committed 80152K, reserved 1120256K
  class space    used 9215K, capacity 9997K, committed 10008K, reserved 1048576K
Event: 6587.632 GC heap after
Heap after GC invocations=35 (full 3):
 PSYoungGen      total 1284096K, used 42333K [0x000000076c300000, 0x00000007c0000000, 0x00000007c0000000)
  eden space 1192448K, 0% used [0x000000076c300000,0x000000076c300000,0x00000007b4f80000)
  from space 91648K, 46% used [0x00000007ba680000,0x00000007bcfd7610,0x00000007c0000000)
  to   space 89088K, 0% used [0x00000007b4f80000,0x00000007b4f80000,0x00000007ba680000)
 ParOldGen       total 2747392K, used 203177K [0x00000006c4800000, 0x000000076c300000, 0x000000076c300000)
  object space 2747392K, 7% used [0x00000006c4800000,0x00000006d0e6a660,0x000000076c300000)
 Metaspace       used 76773K, capacity 79871K, committed 80152K, reserved 1120256K
  class space    used 9215K, capacity 9997K, committed 10008K, reserved 1048576K
}
Event: 6972.248 GC heap before
{Heap before GC invocations=36 (full 3):
 PSYoungGen      total 1284096K, used 1234781K [0x000000076c300000, 0x00000007c0000000, 0x00000007c0000000)
  eden space 1192448K, 100% used [0x000000076c300000,0x00000007b4f80000,0x00000007b4f80000)
  from space 91648K, 46% used [0x00000007ba680000,0x00000007bcfd7610,0x00000007c0000000)
  to   space 89088K, 0% used [0x00000007b4f80000,0x00000007b4f80000,0x00000007ba680000)
 ParOldGen       total 2747392K, used 203177K [0x00000006c4800000, 0x000000076c300000, 0x000000076c300000)
  object space 2747392K, 7% used [0x00000006c4800000,0x00000006d0e6a660,0x000000076c300000)
 Metaspace       used 76784K, capacity 79877K, committed 80152K, reserved 1120256K
  class space    used 9216K, capacity 9998K, committed 10008K, reserved 1048576K
Event: 6972.447 GC heap after
Heap after GC invocations=36 (full 3):
 PSYoungGen      total 1281536K, used 30647K [0x000000076c300000, 0x00000007c0000000, 0x00000007c0000000)
  eden space 1192448K, 0% used [0x000000076c300000,0x000000076c300000,0x00000007b4f80000)
  from space 89088K, 34% used [0x00000007b4f80000,0x00000007b6d6dc68,0x00000007ba680000)
  to   space 88064K, 0% used [0x00000007baa00000,0x00000007baa00000,0x00000007c0000000)
 ParOldGen       total 2747392K, used 214808K [0x00000006c4800000, 0x000000076c300000, 0x000000076c300000)
  object space 2747392K, 7% used [0x00000006c4800000,0x00000006d19c6380,0x000000076c300000)
 Metaspace       used 76784K, capacity 79877K, committed 80152K, reserved 1120256K
  class space    used 9216K, capacity 9998K, committed 10008K, reserved 1048576K
}

